Using pre-set license
Built from '2020.3/release' branch; Version is '2020.3.1f1 (77a89f25062f) revision 7841951'; Using compiler version '192528614'; Build Type 'Release'
OS: 'Windows 10 Home; OS build 19042.685; Version 2009; 64bit' Language: 'de' Physical Memory: 16340 MB
BatchMode: 1, IsHumanControllingUs: 0, StartBugReporterOnCrash: 0, Is64bit: 1, IsPro: 0

 COMMAND LINE ARGUMENTS:
E:\_Dev\Unity Editors\2020.3.1f1\Editor\Unity.exe
-adb2
-batchMode
-noUpm
-name
AssetImportWorker0
-projectPath
E:/_Dev/Unity Projects/Fortech/Game with no name
-logFile
Logs/AssetImportWorker0.log
-srvPort
57045
Successfully changed project path to: E:/_Dev/Unity Projects/Fortech/Game with no name
E:/_Dev/Unity Projects/Fortech/Game with no name
Using Asset Import Pipeline V2.
Refreshing native plugins compatible for Editor in 83.69 ms, found 0 plugins.
Preloading 0 native plugins for Editor in 0.00 ms.
Initialize engine version: 2020.3.1f1 (77a89f25062f)
[Subsystems] Discovering subsystems at path E:/_Dev/Unity Editors/2020.3.1f1/Editor/Data/Resources/UnitySubsystems
[Subsystems] Discovering subsystems at path E:/_Dev/Unity Projects/Fortech/Game with no name/Assets
GfxDevice: creating device client; threaded=0
Direct3D:
    Version:  Direct3D 11.0 [level 11.1]
    Renderer: NVIDIA GeForce GTX 1070 (ID=0x1b81)
    Vendor:   
    VRAM:     8088 MB
    Driver:   27.21.14.6140
Shader 'Universal Render Pipeline/Particles/Lit': fallback shader 'Universal Render Pipeline/Particles/SimpleLit' not found
Initialize mono
Mono path[0] = 'E:/_Dev/Unity Editors/2020.3.1f1/Editor/Data/Managed'
Mono path[1] = 'E:/_Dev/Unity Editors/2020.3.1f1/Editor/Data/MonoBleedingEdge/lib/mono/unityjit'
Mono config path = 'E:/_Dev/Unity Editors/2020.3.1f1/Editor/Data/MonoBleedingEdge/etc'
Using monoOptions --debugger-agent=transport=dt_socket,embedding=1,server=y,suspend=n,address=127.0.0.1:56672
Begin MonoManager ReloadAssembly
Registering precompiled unity dll's ...
Register platform support module: E:/_Dev/Unity Editors/2020.3.1f1/Editor/Data/PlaybackEngines/WindowsStandaloneSupport/UnityEditor.WindowsStandalone.Extensions.dll
Registered in 0.002126 seconds.
Native extension for WindowsStandalone target not found
Refreshing native plugins compatible for Editor in 75.53 ms, found 0 plugins.
Preloading 0 native plugins for Editor in 0.00 ms.
Invoked RoslynAnalysisRunner static constructor.
RoslynAnalysisRunner will not be running.
RoslynAnalysisRunner has terminated.
Mono: successfully reloaded assembly
- Completed reload, in  1.426 seconds
Platform modules already initialized, skipping
Registering precompiled user dll's ...
Registered in 0.004283 seconds.
Begin MonoManager ReloadAssembly
Native extension for WindowsStandalone target not found
Refreshing native plugins compatible for Editor in 74.25 ms, found 0 plugins.
Preloading 0 native plugins for Editor in 0.00 ms.
Invoked RoslynAnalysisRunner static constructor.
RoslynAnalysisRunner will not be running.
RoslynAnalysisRunner has terminated.
Mono: successfully reloaded assembly
- Completed reload, in  1.279 seconds
Platform modules already initialized, skipping
========================================================================
Worker process is ready to serve import requests
Shader 'Universal Render Pipeline/Particles/Lit': fallback shader 'Universal Render Pipeline/Particles/SimpleLit' not found
Launched and connected shader compiler UnityShaderCompiler.exe after 0.06 seconds
Refreshing native plugins compatible for Editor in 0.57 ms, found 0 plugins.
Preloading 0 native plugins for Editor in 0.00 ms.
Unloading 3213 Unused Serialized files (Serialized files now loaded: 0)
System memory in use before: 141.2 MB.
System memory in use after: 141.5 MB.

Unloading 20 unused Assets to reduce memory usage. Loaded Objects now: 3666.
Total: 2.307500 ms (FindLiveObjects: 0.305400 ms CreateObjectMapping: 0.182600 ms MarkObjects: 1.791600 ms  DeleteObjects: 0.026800 ms)

========================================================================
Received Import Request.
  path: Assets/Own Assets/sprites/Cloud2.png
  artifactKey: Guid(840430831541eb34086f3e43befab499) Importer(815301076,1909f56bfc062723c751e8b465ee728b)
Start importing Assets/Own Assets/sprites/Cloud2.png using Guid(840430831541eb34086f3e43befab499) Importer(815301076,1909f56bfc062723c751e8b465ee728b)  -> (artifact id: '99e0268e71d197bbca9a64de9ea24670') in 0.150021 seconds
  Import took 0.155519 seconds .

========================================================================
Received Import Request.
  Time since last request: 8.195284 seconds.
  path: Assets/Own Assets/sprites/Cloud2.png
  artifactKey: Guid(840430831541eb34086f3e43befab499) Importer(815301076,1909f56bfc062723c751e8b465ee728b)
Start importing Assets/Own Assets/sprites/Cloud2.png using Guid(840430831541eb34086f3e43befab499) Importer(815301076,1909f56bfc062723c751e8b465ee728b)  -> (artifact id: '9ff43f03b16a394661d8b41cdfa66a68') in 0.021085 seconds
  Import took 0.031034 seconds .

========================================================================
Received Import Request.
  Time since last request: 0.005067 seconds.
  path: Assets/Own Assets/sprites/Cloud2.png
  artifactKey: Guid(840430831541eb34086f3e43befab499) Importer(815301076,1909f56bfc062723c751e8b465ee728b)
Start importing Assets/Own Assets/sprites/Cloud2.png using Guid(840430831541eb34086f3e43befab499) Importer(815301076,1909f56bfc062723c751e8b465ee728b)  -> (artifact id: '9ff43f03b16a394661d8b41cdfa66a68') in 0.029965 seconds
  Import took 0.037727 seconds .

========================================================================
Received Import Request.
  Time since last request: 92.269511 seconds.
  path: Assets/Own Assets/sprites/New Sprite Atlas.spriteatlas
  artifactKey: Guid(9099000e46a15b14d9f6a80cd6f30ca6) Importer(815301076,1909f56bfc062723c751e8b465ee728b)
Start importing Assets/Own Assets/sprites/New Sprite Atlas.spriteatlas using Guid(9099000e46a15b14d9f6a80cd6f30ca6) Importer(815301076,1909f56bfc062723c751e8b465ee728b)  -> (artifact id: 'f4ea4f3f10adcccf9a6346f304790d68') in 0.020631 seconds
  Import took 0.028115 seconds .

========================================================================
Received Import Request.
  Time since last request: 0.701228 seconds.
  path: Assets/Own Assets/sprites/New Sprite Atlas.spriteatlas
  artifactKey: Guid(9099000e46a15b14d9f6a80cd6f30ca6) Importer(815301076,1909f56bfc062723c751e8b465ee728b)
Start importing Assets/Own Assets/sprites/New Sprite Atlas.spriteatlas using Guid(9099000e46a15b14d9f6a80cd6f30ca6) Importer(815301076,1909f56bfc062723c751e8b465ee728b)  -> (artifact id: 'f4ea4f3f10adcccf9a6346f304790d68') in 0.005558 seconds
  Import took 0.012936 seconds .

========================================================================
Received Import Request.
  Time since last request: 34.052522 seconds.
  path: Assets/Scenes/backup/_Died PostProcess Profile.asset
  artifactKey: Guid(53e54c67a00a47044a4d5473766ad4d5) Importer(815301076,1909f56bfc062723c751e8b465ee728b)
Start importing Assets/Scenes/backup/_Died PostProcess Profile.asset using Guid(53e54c67a00a47044a4d5473766ad4d5) Importer(815301076,1909f56bfc062723c751e8b465ee728b)  -> (artifact id: '23e11897ced510ed399585b943e86740') in 0.014338 seconds
  Import took 0.021354 seconds .

========================================================================
Received Import Request.
  Time since last request: 0.000395 seconds.
  path: Assets/Own Assets/sounds/Acid_shoot.wav
  artifactKey: Guid(f597b52c0df23ea4a86e3d4ff35b52c4) Importer(815301076,1909f56bfc062723c751e8b465ee728b)
Start importing Assets/Own Assets/sounds/Acid_shoot.wav using Guid(f597b52c0df23ea4a86e3d4ff35b52c4) Importer(815301076,1909f56bfc062723c751e8b465ee728b)  -> (artifact id: '4384e10a79d5d4ba2750d2237407dc2b') in 0.058206 seconds
  Import took 0.076945 seconds .

========================================================================
Received Import Request.
  Time since last request: 0.000228 seconds.
  path: Assets/Own Assets/prefabs/weapons/Acid/acid bullet.prefab
  artifactKey: Guid(1b60da04523c6414fbfea795b07189db) Importer(815301076,1909f56bfc062723c751e8b465ee728b)
Start importing Assets/Own Assets/prefabs/weapons/Acid/acid bullet.prefab using Guid(1b60da04523c6414fbfea795b07189db) Importer(815301076,1909f56bfc062723c751e8b465ee728b)  -> (artifact id: 'c0124c7719cbbdd78aa540c4bbba0855') in 0.201837 seconds
  Import took 0.209574 seconds .

========================================================================
Received Import Request.
  Time since last request: 0.000190 seconds.
  path: Assets/net.fabrejean/Editor/Common/GuiSkins/VolcanicGuiSkin/images/arrow_down_grey.png
  artifactKey: Guid(31b9a93d89c014497951a8f27b9bb59b) Importer(815301076,1909f56bfc062723c751e8b465ee728b)
Start importing Assets/net.fabrejean/Editor/Common/GuiSkins/VolcanicGuiSkin/images/arrow_down_grey.png using Guid(31b9a93d89c014497951a8f27b9bb59b) Importer(815301076,1909f56bfc062723c751e8b465ee728b)  -> (artifact id: '12b3e1f19ea3363f4f82facf9d7c3cf8') in 0.032775 seconds
  Import took 0.041285 seconds .

========================================================================
Received Import Request.
  Time since last request: 0.000179 seconds.
  path: Assets/AstarPathfindingProject/Editor/EditorAssets/images/ArrowUp.png
  artifactKey: Guid(b1722c752c8754c5281b2efd6cf8477c) Importer(815301076,1909f56bfc062723c751e8b465ee728b)
Start importing Assets/AstarPathfindingProject/Editor/EditorAssets/images/ArrowUp.png using Guid(b1722c752c8754c5281b2efd6cf8477c) Importer(815301076,1909f56bfc062723c751e8b465ee728b)  -> (artifact id: 'f95c4d891f570315f590cbb93ea9f8dc') in 0.035284 seconds
  Import took 0.040753 seconds .

========================================================================
Received Import Request.
  Time since last request: 0.000178 seconds.
  path: Assets/net.fabrejean/Editor/Common/GuiSkins/VolcanicGuiSkin/images/arrow_up_orange.png
  artifactKey: Guid(d7b7b3fc210f74896af6486490f19d9b) Importer(815301076,1909f56bfc062723c751e8b465ee728b)
Start importing Assets/net.fabrejean/Editor/Common/GuiSkins/VolcanicGuiSkin/images/arrow_up_orange.png using Guid(d7b7b3fc210f74896af6486490f19d9b) Importer(815301076,1909f56bfc062723c751e8b465ee728b)  -> (artifact id: '3858a4b81a42c3ac9b77636c660476c9') in 0.029051 seconds
  Import took 0.035792 seconds .

========================================================================
Received Import Request.
  Time since last request: 0.000200 seconds.
  path: Assets/AstarPathfindingProject/Editor/EditorAssets/images/ArrowDown.png
  artifactKey: Guid(12ea2fbedc5cc4bd191d795f44b2de75) Importer(815301076,1909f56bfc062723c751e8b465ee728b)
Start importing Assets/AstarPathfindingProject/Editor/EditorAssets/images/ArrowDown.png using Guid(12ea2fbedc5cc4bd191d795f44b2de75) Importer(815301076,1909f56bfc062723c751e8b465ee728b)  -> (artifact id: '50b46f073ac3506ca4ea24d6f72e3222') in 0.043943 seconds
  Import took 0.050630 seconds .

========================================================================
Received Import Request.
  Time since last request: 0.000198 seconds.
  path: Assets/AstarPathfindingProject/Editor/EditorAssets/images/ArrowDown_on.png
  artifactKey: Guid(d8951099054c64beaaa49d675d71cfcf) Importer(815301076,1909f56bfc062723c751e8b465ee728b)
Start importing Assets/AstarPathfindingProject/Editor/EditorAssets/images/ArrowDown_on.png using Guid(d8951099054c64beaaa49d675d71cfcf) Importer(815301076,1909f56bfc062723c751e8b465ee728b)  -> (artifact id: 'fcb0d08b8458642b3a8d054bb108f907') in 0.031159 seconds
  Import took 0.037762 seconds .

========================================================================
Received Import Request.
  Time since last request: 0.000065 seconds.
  path: Assets/Scenes/backup/_Post Processing Profile.asset
  artifactKey: Guid(a95d23ea2799c3448b2bfb7a3bd7f5e8) Importer(815301076,1909f56bfc062723c751e8b465ee728b)
Start importing Assets/Scenes/backup/_Post Processing Profile.asset using Guid(a95d23ea2799c3448b2bfb7a3bd7f5e8) Importer(815301076,1909f56bfc062723c751e8b465ee728b)  -> (artifact id: '620a54b9401e719aed3daf621381d8d7') in 0.009465 seconds
  Import took 0.015529 seconds .

========================================================================
Received Import Request.
  Time since last request: 0.000173 seconds.
  path: Assets/net.fabrejean/Editor/Common/GuiSkins/VolcanicGuiSkin/images/arrow_left_grey.png
  artifactKey: Guid(41dfd364a414848f1a76030cdc36026a) Importer(815301076,1909f56bfc062723c751e8b465ee728b)
Start importing Assets/net.fabrejean/Editor/Common/GuiSkins/VolcanicGuiSkin/images/arrow_left_grey.png using Guid(41dfd364a414848f1a76030cdc36026a) Importer(815301076,1909f56bfc062723c751e8b465ee728b)  -> (artifact id: '3ac1e2f36b6e22566a1e3bdc02234cfb') in 0.010633 seconds
  Import took 0.017040 seconds .

========================================================================
Received Import Request.
  Time since last request: 0.000218 seconds.
  path: Assets/AstarPathfindingProject/Editor/EditorAssets/images/ArrowUp_on.png
  artifactKey: Guid(4c914fdaf554243fe9fb26afc323caef) Importer(815301076,1909f56bfc062723c751e8b465ee728b)
Start importing Assets/AstarPathfindingProject/Editor/EditorAssets/images/ArrowUp_on.png using Guid(4c914fdaf554243fe9fb26afc323caef) Importer(815301076,1909f56bfc062723c751e8b465ee728b)  -> (artifact id: 'b2be7bb8e4e7dbf46c96e2c02e2711a5') in 0.016774 seconds
  Import took 0.023895 seconds .

========================================================================
Received Import Request.
  Time since last request: 0.000207 seconds.
  path: Assets/Own Assets/prefabs/weapons/Acid/acid gun impact.prefab
  artifactKey: Guid(e7d85c90d085d334ea5c99c2ed9a8534) Importer(815301076,1909f56bfc062723c751e8b465ee728b)
Start importing Assets/Own Assets/prefabs/weapons/Acid/acid gun impact.prefab using Guid(e7d85c90d085d334ea5c99c2ed9a8534) Importer(815301076,1909f56bfc062723c751e8b465ee728b)  -> (artifact id: '10d1bf22b6aaf81b3aced414da8c523c') in 0.006053 seconds
  Import took 0.013559 seconds .

========================================================================
Received Import Request.
  Time since last request: 0.000313 seconds.
  path: Assets/Own Assets/prefabs/weapons/Acid/Acid.prefab
  artifactKey: Guid(d6f3a0551e2bb7a41947c8d9a20eb179) Importer(815301076,1909f56bfc062723c751e8b465ee728b)
Start importing Assets/Own Assets/prefabs/weapons/Acid/Acid.prefab using Guid(d6f3a0551e2bb7a41947c8d9a20eb179) Importer(815301076,1909f56bfc062723c751e8b465ee728b)  -> (artifact id: '1299ae1e7e1982304b27b7b5098eee8f') in 0.020635 seconds
  Import took 0.028260 seconds .

========================================================================
Received Import Request.
  Time since last request: 0.000198 seconds.
  path: Assets/Own Assets/prefabs/weapons/Acid/acid gunfire.prefab
  artifactKey: Guid(9e00ffa5adbd14c4caa93dbb2d6bfe94) Importer(815301076,1909f56bfc062723c751e8b465ee728b)
Start importing Assets/Own Assets/prefabs/weapons/Acid/acid gunfire.prefab using Guid(9e00ffa5adbd14c4caa93dbb2d6bfe94) Importer(815301076,1909f56bfc062723c751e8b465ee728b)  -> (artifact id: 'c5022d9226042f8de2f4381712aa301a') in 0.011359 seconds
  Import took 0.020581 seconds .

========================================================================
Received Import Request.
  Time since last request: 14.313635 seconds.
  path: Assets/Own Assets/sprites/Title Screen/cloud (2).png
  artifactKey: Guid(e6261243a6209f0419242e7f1530c022) Importer(815301076,1909f56bfc062723c751e8b465ee728b)
Start importing Assets/Own Assets/sprites/Title Screen/cloud (2).png using Guid(e6261243a6209f0419242e7f1530c022) Importer(815301076,1909f56bfc062723c751e8b465ee728b)  -> (artifact id: 'cd3af89451a1cf6f3ab30b3614d31e78') in 0.017081 seconds
  Import took 0.027999 seconds .

========================================================================
Received Import Request.
  Time since last request: 0.000287 seconds.
  path: Assets/AstarPathfindingProject/Editor/EditorAssets/DarkSkin/lock_closed@1x.png
  artifactKey: Guid(aaae516f9c5404f77a3e586cdd59695b) Importer(815301076,1909f56bfc062723c751e8b465ee728b)
Start importing Assets/AstarPathfindingProject/Editor/EditorAssets/DarkSkin/lock_closed@1x.png using Guid(aaae516f9c5404f77a3e586cdd59695b) Importer(815301076,1909f56bfc062723c751e8b465ee728b)  -> (artifact id: '02bc67e60ccb07f864039da8a6aa6bf9') in 0.023109 seconds
  Import took 0.030924 seconds .

========================================================================
Received Import Request.
  Time since last request: 0.000266 seconds.
  path: Assets/Own Assets/sprites/Title Screen/cloud (2).png
  artifactKey: Guid(e6261243a6209f0419242e7f1530c022) Importer(815301076,1909f56bfc062723c751e8b465ee728b)
Start importing Assets/Own Assets/sprites/Title Screen/cloud (2).png using Guid(e6261243a6209f0419242e7f1530c022) Importer(815301076,1909f56bfc062723c751e8b465ee728b)  -> (artifact id: 'cd3af89451a1cf6f3ab30b3614d31e78') in 0.013924 seconds
  Import took 0.020823 seconds .

========================================================================
Received Import Request.
  Time since last request: 0.000239 seconds.
  path: Assets/AstarPathfindingProject/Editor/EditorAssets/DarkSkin/lock_closed@2x.png
  artifactKey: Guid(6c38830c1556942fcb6ce893085d1daa) Importer(815301076,1909f56bfc062723c751e8b465ee728b)
Start importing Assets/AstarPathfindingProject/Editor/EditorAssets/DarkSkin/lock_closed@2x.png using Guid(6c38830c1556942fcb6ce893085d1daa) Importer(815301076,1909f56bfc062723c751e8b465ee728b)  -> (artifact id: 'dab53110d9e9bda75079ae8574223c49') in 0.027593 seconds
  Import took 0.034387 seconds .

========================================================================
Received Import Request.
  Time since last request: 0.000243 seconds.
  path: Assets/AstarPathfindingProject/Editor/EditorAssets/LightSkin/lock_closed@2x.png
  artifactKey: Guid(7b229d059f89d49918aec1466c0c5819) Importer(815301076,1909f56bfc062723c751e8b465ee728b)
Start importing Assets/AstarPathfindingProject/Editor/EditorAssets/LightSkin/lock_closed@2x.png using Guid(7b229d059f89d49918aec1466c0c5819) Importer(815301076,1909f56bfc062723c751e8b465ee728b)  -> (artifact id: 'aa5bf7f17e53306bd6aada3bc9185fe0') in 0.033374 seconds
  Import took 0.039955 seconds .

========================================================================
Received Import Request.
  Time since last request: 0.000197 seconds.
  path: Assets/AstarPathfindingProject/Editor/EditorAssets/LightSkin/lock_closed@1x.png
  artifactKey: Guid(5e0cd84e9d84642ac883c25ca8d667ac) Importer(815301076,1909f56bfc062723c751e8b465ee728b)
Start importing Assets/AstarPathfindingProject/Editor/EditorAssets/LightSkin/lock_closed@1x.png using Guid(5e0cd84e9d84642ac883c25ca8d667ac) Importer(815301076,1909f56bfc062723c751e8b465ee728b)  -> (artifact id: '77c58592251d050b178ddd8ae77e8b15') in 0.010068 seconds
  Import took 0.016133 seconds .

========================================================================
Received Import Request.
  Time since last request: 5.048059 seconds.
  path: Assets/Own Assets/sprites/New Sprite Atlas.spriteatlas
  artifactKey: Guid(9099000e46a15b14d9f6a80cd6f30ca6) Importer(815301076,1909f56bfc062723c751e8b465ee728b)
Start importing Assets/Own Assets/sprites/New Sprite Atlas.spriteatlas using Guid(9099000e46a15b14d9f6a80cd6f30ca6) Importer(815301076,1909f56bfc062723c751e8b465ee728b)  -> (artifact id: '6690964fd8866ef282de36e1ef4f0893') in 0.006568 seconds
  Import took 0.016983 seconds .

========================================================================
Received Import Request.
  Time since last request: 16.046951 seconds.
  path: Assets/Own Assets/sprites/Cloud Sprite Atlas.spriteatlas
  artifactKey: Guid(9099000e46a15b14d9f6a80cd6f30ca6) Importer(815301076,1909f56bfc062723c751e8b465ee728b)
Start importing Assets/Own Assets/sprites/Cloud Sprite Atlas.spriteatlas using Guid(9099000e46a15b14d9f6a80cd6f30ca6) Importer(815301076,1909f56bfc062723c751e8b465ee728b)  -> (artifact id: '896671b8ae435e398c20eb66c33f8435') in 0.008119 seconds
  Import took 0.015289 seconds .

========================================================================
Received Import Request.
  Time since last request: 79.162547 seconds.
  path: Assets/Own Assets/sprites/Title Screen/computer.png
  artifactKey: Guid(66fc19afb6fa84f4eb4d00999d9d01c9) Importer(815301076,1909f56bfc062723c751e8b465ee728b)
Start importing Assets/Own Assets/sprites/Title Screen/computer.png using Guid(66fc19afb6fa84f4eb4d00999d9d01c9) Importer(815301076,1909f56bfc062723c751e8b465ee728b)  -> (artifact id: '1da2435dbc92d09949d809b199db3e2a') in 0.042510 seconds
  Import took 0.066724 seconds .

========================================================================
Received Import Request.
  Time since last request: 0.000274 seconds.
  path: Assets/Own Assets/sprites/Title Screen/Individual Letters/E.png
  artifactKey: Guid(b53410baf3cc636478cf1b92cc0efd9f) Importer(815301076,1909f56bfc062723c751e8b465ee728b)
Start importing Assets/Own Assets/sprites/Title Screen/Individual Letters/E.png using Guid(b53410baf3cc636478cf1b92cc0efd9f) Importer(815301076,1909f56bfc062723c751e8b465ee728b)  -> (artifact id: '538fbe49fe4b187306a2d798b678211e') in 0.151282 seconds
  Import took 0.161019 seconds .

========================================================================
Received Import Request.
  Time since last request: 0.000170 seconds.
  path: Assets/Own Assets/sprites/Map/Grass/Dirt_with_grass_cornor-1.png.png
  artifactKey: Guid(5fc73008b7dc489479bb0801f89fbac0) Importer(815301076,1909f56bfc062723c751e8b465ee728b)
Start importing Assets/Own Assets/sprites/Map/Grass/Dirt_with_grass_cornor-1.png.png using Guid(5fc73008b7dc489479bb0801f89fbac0) Importer(815301076,1909f56bfc062723c751e8b465ee728b)  -> (artifact id: 'b531cb6f6c53817fda1fb5409b980993') in 0.014840 seconds
  Import took 0.023222 seconds .

========================================================================
Received Import Request.
  Time since last request: 0.000196 seconds.
  path: Assets/Own Assets/sprites/Map/Grass/Dirt_with_grass_cornor-1.png1.png
  artifactKey: Guid(1da1fe843113e104793ac89ebbf6a560) Importer(815301076,1909f56bfc062723c751e8b465ee728b)
Start importing Assets/Own Assets/sprites/Map/Grass/Dirt_with_grass_cornor-1.png1.png using Guid(1da1fe843113e104793ac89ebbf6a560) Importer(815301076,1909f56bfc062723c751e8b465ee728b)  -> (artifact id: '15600975c709b55f7f9f7a5c3bd17fd5') in 0.012200 seconds
  Import took 0.018829 seconds .

========================================================================
Received Import Request.
  Time since last request: 0.000193 seconds.
  path: Assets/Own Assets/sprites/Title Screen/computer.png
  artifactKey: Guid(66fc19afb6fa84f4eb4d00999d9d01c9) Importer(815301076,1909f56bfc062723c751e8b465ee728b)
Start importing Assets/Own Assets/sprites/Title Screen/computer.png using Guid(66fc19afb6fa84f4eb4d00999d9d01c9) Importer(815301076,1909f56bfc062723c751e8b465ee728b)  -> (artifact id: '1da2435dbc92d09949d809b199db3e2a') in 0.023670 seconds
  Import took 0.030986 seconds .

========================================================================
Received Import Request.
  Time since last request: 0.000213 seconds.
  path: Assets/Standard Assets/2D/Sprites/CratePinkGridSprite.png
  artifactKey: Guid(12ef7cbdfe0e143fa858a324456c8979) Importer(815301076,1909f56bfc062723c751e8b465ee728b)
Start importing Assets/Standard Assets/2D/Sprites/CratePinkGridSprite.png using Guid(12ef7cbdfe0e143fa858a324456c8979) Importer(815301076,1909f56bfc062723c751e8b465ee728b)  -> (artifact id: '0c39b09e0dc2a71be4e87b8a612976e2') in 0.048481 seconds
  Import took 0.091132 seconds .

========================================================================
Received Import Request.
  Time since last request: 0.000562 seconds.
  path: Assets/Own Assets/sprites/crappy torch/crappy torch-2.png.png
  artifactKey: Guid(ddf73244e2ec50c4ba25c6fb2262f2f1) Importer(815301076,1909f56bfc062723c751e8b465ee728b)
Start importing Assets/Own Assets/sprites/crappy torch/crappy torch-2.png.png using Guid(ddf73244e2ec50c4ba25c6fb2262f2f1) Importer(815301076,1909f56bfc062723c751e8b465ee728b)  -> (artifact id: 'd1965e35d5df74e9d01364c888c4c784') in 0.028542 seconds
  Import took 0.045224 seconds .

========================================================================
Received Import Request.
  Time since last request: 0.000375 seconds.
  path: Assets/Own Assets/sprites/Map/dark stone-1.png.png
  artifactKey: Guid(cb373254615164d408e470aa3ddc397a) Importer(815301076,1909f56bfc062723c751e8b465ee728b)
Start importing Assets/Own Assets/sprites/Map/dark stone-1.png.png using Guid(cb373254615164d408e470aa3ddc397a) Importer(815301076,1909f56bfc062723c751e8b465ee728b)  -> (artifact id: 'caf2e7ce9c5f3ad5d545ec33c52f31c3') in 0.037756 seconds
  Import took 0.050942 seconds .

========================================================================
Received Import Request.
  Time since last request: 0.000194 seconds.
  path: Assets/Own Assets/sprites/crappy torch/crappy torch-1.png.png
  artifactKey: Guid(386378e0a09b76b4da59bf4ab79c653d) Importer(815301076,1909f56bfc062723c751e8b465ee728b)
Start importing Assets/Own Assets/sprites/crappy torch/crappy torch-1.png.png using Guid(386378e0a09b76b4da59bf4ab79c653d) Importer(815301076,1909f56bfc062723c751e8b465ee728b)  -> (artifact id: '9225aa9d9d38a7e1a10a55f8d35c0cd1') in 0.017950 seconds
  Import took 0.027761 seconds .

========================================================================
Received Import Request.
  Time since last request: 0.000176 seconds.
  path: Assets/Own Assets/sprites/Map/core.png
  artifactKey: Guid(2d40326fb6e84294eaf7b0e22f331e34) Importer(815301076,1909f56bfc062723c751e8b465ee728b)
Start importing Assets/Own Assets/sprites/Map/core.png using Guid(2d40326fb6e84294eaf7b0e22f331e34) Importer(815301076,1909f56bfc062723c751e8b465ee728b)  -> (artifact id: 'b3145ba8816c8bf1143558a0a92a9194') in 0.013909 seconds
  Import took 0.021208 seconds .

========================================================================
Received Import Request.
  Time since last request: 0.000189 seconds.
  path: Assets/Own Assets/sprites/Map/Dirt_with_stone_down-1.png2.png
  artifactKey: Guid(f88292f5f1082e3439ac23656acf55d5) Importer(815301076,1909f56bfc062723c751e8b465ee728b)
Start importing Assets/Own Assets/sprites/Map/Dirt_with_stone_down-1.png2.png using Guid(f88292f5f1082e3439ac23656acf55d5) Importer(815301076,1909f56bfc062723c751e8b465ee728b)  -> (artifact id: 'b46062deb0863c67f4573a7bc727d6bb') in 0.015645 seconds
  Import took 0.021452 seconds .

========================================================================
Received Import Request.
  Time since last request: 0.000200 seconds.
  path: Assets/Own Assets/sprites/Map/Grass/Dirt #1-1.png (1).png
  artifactKey: Guid(3862167dc20e4174eaed04e983623bad) Importer(815301076,1909f56bfc062723c751e8b465ee728b)
Start importing Assets/Own Assets/sprites/Map/Grass/Dirt #1-1.png (1).png using Guid(3862167dc20e4174eaed04e983623bad) Importer(815301076,1909f56bfc062723c751e8b465ee728b)  -> (artifact id: 'aa72cf8a443bab579e57162f8bc45ec3') in 0.014642 seconds
  Import took 0.021181 seconds .

========================================================================
Received Import Request.
  Time since last request: 0.000176 seconds.
  path: Assets/Own Assets/sprites/Map/Grass/Dirt with grass #1-1.png (1).png
  artifactKey: Guid(4fd521b6ffafd384ea141e3c7a6b20fb) Importer(815301076,1909f56bfc062723c751e8b465ee728b)
Start importing Assets/Own Assets/sprites/Map/Grass/Dirt with grass #1-1.png (1).png using Guid(4fd521b6ffafd384ea141e3c7a6b20fb) Importer(815301076,1909f56bfc062723c751e8b465ee728b)  -> (artifact id: 'b6b057735be38e855ba631564c0f3efa') in 0.013782 seconds
  Import took 0.020298 seconds .

========================================================================
Received Import Request.
  Time since last request: 0.007608 seconds.
  path: Assets/Own Assets/sprites/Map/Grass/Dirt with grass #1-1.png (1).png
  artifactKey: Guid(4fd521b6ffafd384ea141e3c7a6b20fb) Importer(815301076,1909f56bfc062723c751e8b465ee728b)
Start importing Assets/Own Assets/sprites/Map/Grass/Dirt with grass #1-1.png (1).png using Guid(4fd521b6ffafd384ea141e3c7a6b20fb) Importer(815301076,1909f56bfc062723c751e8b465ee728b)  -> (artifact id: 'b6b057735be38e855ba631564c0f3efa') in 0.024291 seconds
  Import took 0.031345 seconds .

========================================================================
Received Import Request.
  Time since last request: 263.936682 seconds.
  path: Assets/Own Assets/sprites/CloudSpriteSheet.png
  artifactKey: Guid(83d3bc9e9de5eca4e996f256f7883e85) Importer(815301076,1909f56bfc062723c751e8b465ee728b)
Start importing Assets/Own Assets/sprites/CloudSpriteSheet.png using Guid(83d3bc9e9de5eca4e996f256f7883e85) Importer(815301076,1909f56bfc062723c751e8b465ee728b)  -> (artifact id: 'fbc8f959a5605c2f256a7de473ab1870') in 0.021658 seconds
  Import took 0.030706 seconds .

========================================================================
Received Import Request.
  Time since last request: 9.961084 seconds.
  path: Assets/Own Assets/sprites/CloudSpriteSheet.png
  artifactKey: Guid(83d3bc9e9de5eca4e996f256f7883e85) Importer(815301076,1909f56bfc062723c751e8b465ee728b)
Start importing Assets/Own Assets/sprites/CloudSpriteSheet.png using Guid(83d3bc9e9de5eca4e996f256f7883e85) Importer(815301076,1909f56bfc062723c751e8b465ee728b)  -> (artifact id: '8b84fd73a9ee58b44b74c3bef2ee53ba') in 0.013217 seconds
  Import took 0.018803 seconds .

========================================================================
Received Import Request.
  Time since last request: 3.831164 seconds.
  path: Assets/Own Assets/sprites/CloudSpriteSheet.png
  artifactKey: Guid(83d3bc9e9de5eca4e996f256f7883e85) Importer(815301076,1909f56bfc062723c751e8b465ee728b)
Start importing Assets/Own Assets/sprites/CloudSpriteSheet.png using Guid(83d3bc9e9de5eca4e996f256f7883e85) Importer(815301076,1909f56bfc062723c751e8b465ee728b)  -> (artifact id: '464e0dcda7ff8e4bec6161733cc3cd87') in 0.010674 seconds
  Import took 0.019846 seconds .

========================================================================
Received Import Request.
  Time since last request: 52.932378 seconds.
  path: Assets/Own Assets/sprites/CloudSpriteSheet.png
  artifactKey: Guid(83d3bc9e9de5eca4e996f256f7883e85) Importer(815301076,1909f56bfc062723c751e8b465ee728b)
Start importing Assets/Own Assets/sprites/CloudSpriteSheet.png using Guid(83d3bc9e9de5eca4e996f256f7883e85) Importer(815301076,1909f56bfc062723c751e8b465ee728b)  -> (artifact id: 'a68fa317b0546c11a0d9c691d0367189') in 0.019494 seconds
  Import took 0.027441 seconds .

========================================================================
Received Import Request.
  Time since last request: 9.566743 seconds.
  path: Assets/Own Assets/sprites/CloudSpriteSheet.png
  artifactKey: Guid(83d3bc9e9de5eca4e996f256f7883e85) Importer(815301076,1909f56bfc062723c751e8b465ee728b)
Start importing Assets/Own Assets/sprites/CloudSpriteSheet.png using Guid(83d3bc9e9de5eca4e996f256f7883e85) Importer(815301076,1909f56bfc062723c751e8b465ee728b)  -> (artifact id: '06b69fc3c1c2a7b73e02fc5d62abdc8e') in 0.024835 seconds
  Import took 0.034849 seconds .

========================================================================
Received Prepare
Registering precompiled user dll's ...
Registered in 0.004554 seconds.
Begin MonoManager ReloadAssembly
Native extension for WindowsStandalone target not found
Refreshing native plugins compatible for Editor in 0.64 ms, found 0 plugins.
Preloading 0 native plugins for Editor in 0.00 ms.
Invoked RoslynAnalysisRunner static constructor.
RoslynAnalysisRunner will not be running.
RoslynAnalysisRunner has terminated.
Mono: successfully reloaded assembly
- Completed reload, in  1.498 seconds
Platform modules already initialized, skipping
Shader 'Universal Render Pipeline/Particles/Lit': fallback shader 'Universal Render Pipeline/Particles/SimpleLit' not found
Refreshing native plugins compatible for Editor in 0.65 ms, found 0 plugins.
Preloading 0 native plugins for Editor in 0.00 ms.
Unloading 3084 Unused Serialized files (Serialized files now loaded: 0)
System memory in use before: 139.2 MB.
System memory in use after: 139.4 MB.

Unloading 12 unused Assets to reduce memory usage. Loaded Objects now: 3735.
Total: 3.159800 ms (FindLiveObjects: 0.500500 ms CreateObjectMapping: 0.267500 ms MarkObjects: 2.368100 ms  DeleteObjects: 0.021500 ms)

========================================================================
Received Import Request.
  Time since last request: 1043.855314 seconds.
  path: Assets/Own Assets/Materials
  artifactKey: Guid(e0944e4d5076e4746b56da2480da4b7c) Importer(815301076,1909f56bfc062723c751e8b465ee728b)
Start importing Assets/Own Assets/Materials using Guid(e0944e4d5076e4746b56da2480da4b7c) Importer(815301076,1909f56bfc062723c751e8b465ee728b)  -> (artifact id: '9db37046cde3b0c928285647e3a69067') in 0.011497 seconds
  Import took 0.017938 seconds .

========================================================================
Received Import Request.
  Time since last request: 0.069706 seconds.
  path: Assets/Own Assets/Materials/BlurredTexture.mat
  artifactKey: Guid(9d1d0f086a047104d9c71a7d62993040) Importer(815301076,1909f56bfc062723c751e8b465ee728b)
Start importing Assets/Own Assets/Materials/BlurredTexture.mat using Guid(9d1d0f086a047104d9c71a7d62993040) Importer(815301076,1909f56bfc062723c751e8b465ee728b)  -> (artifact id: '938c961d5230771a96aed196119ddb89') in 0.197961 seconds
  Import took 0.207565 seconds .

========================================================================
Received Import Request.
  Time since last request: 0.000245 seconds.
  path: Assets/Own Assets/Materials/MessageBox.mat
  artifactKey: Guid(acacff80af325284b8d474a0af0b5096) Importer(815301076,1909f56bfc062723c751e8b465ee728b)
Start importing Assets/Own Assets/Materials/MessageBox.mat using Guid(acacff80af325284b8d474a0af0b5096) Importer(815301076,1909f56bfc062723c751e8b465ee728b)  -> (artifact id: 'da04475ae4cad7e566199a0e3ed2e78e') in 0.046671 seconds
  Import took 0.054310 seconds .

========================================================================
Received Import Request.
  Time since last request: 0.001003 seconds.
  path: Assets/Own Assets/Materials/Outline.mat
  artifactKey: Guid(5cf1ad745012f1444906a1e0d833a4cb) Importer(815301076,1909f56bfc062723c751e8b465ee728b)
Start importing Assets/Own Assets/Materials/Outline.mat using Guid(5cf1ad745012f1444906a1e0d833a4cb) Importer(815301076,1909f56bfc062723c751e8b465ee728b)  -> (artifact id: '0ac44d9840f8e15447ee40ce8ee50730') in 0.028126 seconds
  Import took 0.035041 seconds .

========================================================================
Received Import Request.
  Time since last request: 7.637076 seconds.
  path: Assets/Own Assets/Materials/Clouds.mat
  artifactKey: Guid(1e12b77d85eb4cc45adcfd79a31cd866) Importer(815301076,1909f56bfc062723c751e8b465ee728b)
Start importing Assets/Own Assets/Materials/Clouds.mat using Guid(1e12b77d85eb4cc45adcfd79a31cd866) Importer(815301076,1909f56bfc062723c751e8b465ee728b)  -> (artifact id: 'e4cb201eece9732c9607466d75bfb50a') in 0.042936 seconds
  Import took 0.049316 seconds .

========================================================================
Received Import Request.
  Time since last request: 389.517837 seconds.
  path: ProjectSettings/TagManager.asset
  artifactKey: Guid(00000000000000003000000000000000) Importer(815301076,1909f56bfc062723c751e8b465ee728b)
Start importing ProjectSettings/TagManager.asset using Guid(00000000000000003000000000000000) Importer(815301076,1909f56bfc062723c751e8b465ee728b)  -> (artifact id: 'fa6657ae0fdb26c0ff30f17674378db0') in 0.009174 seconds
  Import took 0.017777 seconds .

========================================================================
Received Import Request.
  Time since last request: 0.001198 seconds.
  path: ProjectSettings/TagManager.asset
  artifactKey: Guid(00000000000000003000000000000000) Importer(815301076,1909f56bfc062723c751e8b465ee728b)
Start importing ProjectSettings/TagManager.asset using Guid(00000000000000003000000000000000) Importer(815301076,1909f56bfc062723c751e8b465ee728b)  -> (artifact id: 'fa6657ae0fdb26c0ff30f17674378db0') in 0.006349 seconds
  Import took 0.013156 seconds .

========================================================================
Received Import Request.
  Time since last request: 181.145110 seconds.
  path: Assets/Own Assets/Materials/Clouds.mat
  artifactKey: Guid(1e12b77d85eb4cc45adcfd79a31cd866) Importer(815301076,1909f56bfc062723c751e8b465ee728b)
Start importing Assets/Own Assets/Materials/Clouds.mat using Guid(1e12b77d85eb4cc45adcfd79a31cd866) Importer(815301076,1909f56bfc062723c751e8b465ee728b)  -> (artifact id: '0d185727d68588121552c25624484523') in 0.034845 seconds
  Import took 0.053290 seconds .

========================================================================
Received Prepare
Registering precompiled user dll's ...
Registered in 0.004612 seconds.
Begin MonoManager ReloadAssembly
Native extension for WindowsStandalone target not found
Refreshing native plugins compatible for Editor in 0.57 ms, found 0 plugins.
Preloading 0 native plugins for Editor in 0.00 ms.
Invoked RoslynAnalysisRunner static constructor.
RoslynAnalysisRunner will not be running.
RoslynAnalysisRunner has terminated.
Mono: successfully reloaded assembly
- Completed reload, in  1.221 seconds
Platform modules already initialized, skipping
Shader 'Universal Render Pipeline/Particles/Lit': fallback shader 'Universal Render Pipeline/Particles/SimpleLit' not found
Refreshing native plugins compatible for Editor in 1.96 ms, found 0 plugins.
Preloading 0 native plugins for Editor in 0.00 ms.
Unloading 3084 Unused Serialized files (Serialized files now loaded: 0)
System memory in use before: 139.6 MB.
System memory in use after: 139.8 MB.

Unloading 14 unused Assets to reduce memory usage. Loaded Objects now: 3807.
Total: 5.234600 ms (FindLiveObjects: 1.857900 ms CreateObjectMapping: 0.537300 ms MarkObjects: 2.815000 ms  DeleteObjects: 0.022600 ms)

========================================================================
Received Import Request.
  Time since last request: 649.155277 seconds.
  path: ProjectSettings/TagManager.asset
  artifactKey: Guid(00000000000000003000000000000000) Importer(815301076,1909f56bfc062723c751e8b465ee728b)
Start importing ProjectSettings/TagManager.asset using Guid(00000000000000003000000000000000) Importer(815301076,1909f56bfc062723c751e8b465ee728b)  -> (artifact id: '36294ca9537e7ca30efcea56ab4c0c5a') in 0.028653 seconds
  Import took 0.035717 seconds .

========================================================================
Received Prepare
Registering precompiled user dll's ...
Registered in 0.005221 seconds.
Begin MonoManager ReloadAssembly
Native extension for WindowsStandalone target not found
Refreshing native plugins compatible for Editor in 0.59 ms, found 0 plugins.
Preloading 0 native plugins for Editor in 0.00 ms.
Invoked RoslynAnalysisRunner static constructor.
RoslynAnalysisRunner will not be running.
RoslynAnalysisRunner has terminated.
Mono: successfully reloaded assembly
- Completed reload, in  1.375 seconds
Platform modules already initialized, skipping
Shader 'Universal Render Pipeline/Particles/Lit': fallback shader 'Universal Render Pipeline/Particles/SimpleLit' not found
Refreshing native plugins compatible for Editor in 0.71 ms, found 0 plugins.
Preloading 0 native plugins for Editor in 0.00 ms.
Unloading 3084 Unused Serialized files (Serialized files now loaded: 0)
System memory in use before: 139.6 MB.
System memory in use after: 139.8 MB.

Unloading 13 unused Assets to reduce memory usage. Loaded Objects now: 3810.
Total: 3.029500 ms (FindLiveObjects: 0.364800 ms CreateObjectMapping: 0.242200 ms MarkObjects: 2.399100 ms  DeleteObjects: 0.021800 ms)

========================================================================
Received Prepare
Registering precompiled user dll's ...
Registered in 0.005285 seconds.
Begin MonoManager ReloadAssembly
Native extension for WindowsStandalone target not found
Refreshing native plugins compatible for Editor in 0.57 ms, found 0 plugins.
Preloading 0 native plugins for Editor in 0.00 ms.
Invoked RoslynAnalysisRunner static constructor.
RoslynAnalysisRunner will not be running.
RoslynAnalysisRunner has terminated.
Mono: successfully reloaded assembly
- Completed reload, in  1.122 seconds
Platform modules already initialized, skipping
Shader 'Universal Render Pipeline/Particles/Lit': fallback shader 'Universal Render Pipeline/Particles/SimpleLit' not found
Refreshing native plugins compatible for Editor in 0.58 ms, found 0 plugins.
Preloading 0 native plugins for Editor in 0.00 ms.
Unloading 3084 Unused Serialized files (Serialized files now loaded: 0)
System memory in use before: 139.6 MB.
System memory in use after: 139.9 MB.

Unloading 12 unused Assets to reduce memory usage. Loaded Objects now: 3813.
Total: 3.504100 ms (FindLiveObjects: 0.331500 ms CreateObjectMapping: 0.153300 ms MarkObjects: 2.996700 ms  DeleteObjects: 0.021500 ms)

AssetImportWorkerClient::OnTransportError - code=2 error=End of file
